Build started 10/12/2014 9:30:59 PM.
     1>Project "F:\AI\Asg1\gameBetav1.0\game\game\game.vcxproj" on node 2 (build target(s)).
     1>InitializeBuildStatus:
         Creating "Release\game.unsuccessfulbuild" because "AlwaysCreate" was specified.
       GenerateTargetFrameworkMonikerAttribute:
       Skipping target "GenerateTargetFrameworkMonikerAttribute" because all output files are up-to-date with respect to the input files.
       ClCompile:
         All outputs are up-to-date.
         e:\Program Files (x86)\Microsoft Visual Studio 10.0\VC\bin\CL.exe /c /AI"C:\Program Files (x86)\Reference Assemblies\Microsoft\Framework\.NETFramework\v4.0" /Zi /clr:pure /nologo /W3 /WX- /O2 /Oy- /D WIN32 /D NDEBUG /D _UNICODE /D UNICODE /EHa /MD /GS /fp:precise /Zc:wchar_t /Zc:forScope /Yu"StdAfx.h" /Fp"Release\game.pch" /Fo"Release\\" /Fd"Release\vc100.pdb" /TP /FU"C:\Program Files (x86)\Reference Assemblies\Microsoft\Framework\.NETFramework\v4.0\Microsoft.VisualBasic.dll" /FU"C:\Program Files (x86)\Reference Assemblies\Microsoft\VBPowerPacks\v10.0\Microsoft.VisualBasic.PowerPacks.Vs.dll" /FU"C:\Program Files (x86)\Reference Assemblies\Microsoft\Framework\.NETFramework\v4.0\System.Core.dll" /FU"C:\Program Files (x86)\Reference Assemblies\Microsoft\Framework\.NETFramework\v4.0\System.Data.dll" /FU"C:\Program Files (x86)\Reference Assemblies\Microsoft\Framework\.NETFramework\v4.0\System.dll" /FU"C:\Program Files (x86)\Reference Assemblies\Microsoft\Framework\.NETFramework\v4.0\System.Drawing.dll" /FU"C:\Program Files (x86)\Reference Assemblies\Microsoft\Framework\.NETFramework\v4.0\System.Windows.Forms.dll" /FU"C:\Program Files (x86)\Reference Assemblies\Microsoft\Framework\.NETFramework\v4.0\System.Xml.dll" /analyze- /errorReport:prompt game.cpp start.cpp /clr:nostdlib 
         game.cpp
         start.cpp
         Generating Code...
         All outputs are up-to-date.
       CoreResGen:
         No resources are out of date with respect to their source files. Skipping resource generation.
       ResourceCompile:
         All outputs are up-to-date.
       Link:
         e:\Program Files (x86)\Microsoft Visual Studio 10.0\VC\bin\link.exe /ERRORREPORT:PROMPT /OUT:"F:\AI\Asg1\gameBetav1.0\game\Release\game.exe" /INCREMENTAL:NO /NOLOGO /ASSEMBLYRESOURCE:Release\game.Form1.resources /ASSEMBLYRESOURCE:Release\game.InputComputerPlayType.resources /ASSEMBLYRESOURCE:Release\game.InputMultiPlayerNames.resources /ASSEMBLYRESOURCE:Release\game.InputSinglePlayer.resources /ASSEMBLYRESOURCE:Release\game.start.resources /MANIFEST /ManifestFile:"Release\game.exe.intermediate.manifest" /MANIFESTUAC:"level='asInvoker' uiAccess='false'" /DEBUG /PDB:"F:\AI\Asg1\gameBetav1.0\game\Release\game.pdb" /SUBSYSTEM:WINDOWS /TLBID:1 /ENTRY:"main" /DYNAMICBASE /FIXED:NO /NXCOMPAT /MACHINE:X86 Release\app.res
         Release\alphaBeta.obj
         Release\AssemblyInfo.obj
         Release\commandLine.obj
         Release\game.obj
         Release\InputComputerPlayType.obj
         Release\InputMultiPlayerNames.obj
         Release\InputSinglePlayer.obj
         Release\miniMax2.obj
         Release\minMax.obj
         Release\start.obj
         Release\stdafx.obj
         "Release\.NETFramework,Version=v4.0.AssemblyAttributes.obj"
         game.vcxproj -> F:\AI\Asg1\gameBetav1.0\game\Release\game.exe
       Manifest:
         C:\Program Files (x86)\Microsoft SDKs\Windows\v7.0A\bin\mt.exe /nologo /verbose /outputresource:"F:\AI\Asg1\gameBetav1.0\game\Release\game.exe;#1" /manifest Release\game.exe.intermediate.manifest
       FinalizeBuildStatus:
         Deleting file "Release\game.unsuccessfulbuild".
         Touching "Release\game.lastbuildstate".
     1>Done Building Project "F:\AI\Asg1\gameBetav1.0\game\game\game.vcxproj" (build target(s)).

Build succeeded.

Time Elapsed 00:00:13.81
